TN:
SF:src\pages\Home\index.tsx
FN:5,Home
FN:15,handleChange
FN:21,handleSubmit
FN:31,handleDelete
FNF:4
FNH:4
FNDA:11,Home
FNDA:4,handleChange
FNDA:2,handleSubmit
FNDA:1,handleDelete
DA:1,1
DA:2,1
DA:3,1
DA:4,1
DA:5,1
DA:6,11
DA:7,11
DA:8,11
DA:9,11
DA:10,11
DA:11,11
DA:12,11
DA:13,11
DA:14,11
DA:15,11
DA:16,4
DA:17,4
DA:18,4
DA:19,4
DA:20,11
DA:21,11
DA:22,2
DA:23,2
DA:24,2
DA:25,2
DA:26,2
DA:27,2
DA:28,2
DA:29,2
DA:30,11
DA:31,11
DA:32,1
DA:33,1
DA:34,11
DA:35,11
DA:36,11
DA:37,11
DA:38,11
DA:39,11
DA:40,11
DA:41,11
DA:42,11
DA:43,11
DA:44,11
DA:45,11
DA:46,11
DA:47,11
DA:48,11
DA:49,11
DA:50,11
DA:51,11
DA:52,11
DA:53,11
DA:54,11
DA:55,11
DA:56,11
DA:57,11
DA:58,11
DA:59,11
DA:60,11
DA:61,11
DA:62,11
DA:63,11
DA:64,11
DA:65,11
DA:66,11
DA:67,11
DA:68,11
DA:69,11
DA:70,11
DA:71,11
DA:72,11
DA:73,11
DA:74,11
DA:75,11
LF:75
LH:75
BRDA:5,0,0,11
BRDA:15,1,0,4
BRDA:18,2,0,4
BRDA:21,3,0,2
BRDA:24,4,0,2
BRDA:31,5,0,1
BRDA:32,6,0,1
BRDA:32,7,0,1
BRF:8
BRH:8
end_of_record
TN:
SF:src\pages\components\InputComponent\index.tsx
FN:3,InputComponent
FNF:1
FNH:1
FNDA:20,InputComponent
DA:1,1
DA:2,1
DA:3,1
DA:4,20
DA:5,20
DA:6,20
DA:7,20
DA:8,20
DA:9,20
DA:10,20
DA:11,20
DA:12,20
DA:13,20
DA:14,20
DA:15,20
LF:15
LH:15
BRDA:3,0,0,20
BRF:1
BRH:1
end_of_record
TN:
SF:src\pages\components\ProductComponent\index.tsx
FN:8,ProductComponent
FN:12,onClick
FN:25,onClick
FNF:3
FNH:3
FNDA:3,ProductComponent
FNDA:1,onClick
FNDA:1,onClick
DA:1,1
DA:2,1
DA:3,1
DA:4,1
DA:5,1
DA:6,1
DA:7,1
DA:8,1
DA:9,3
DA:10,3
DA:11,3
DA:12,3
DA:13,3
DA:14,3
DA:15,3
DA:16,3
DA:17,3
DA:18,3
DA:19,3
DA:20,3
DA:21,3
DA:22,3
DA:23,3
DA:24,3
DA:25,3
DA:26,3
DA:27,3
DA:28,3
DA:29,3
DA:30,3
DA:31,3
DA:32,3
DA:33,3
LF:33
LH:33
BRDA:8,0,0,3
BRDA:15,1,0,0
BRDA:15,2,0,2
BRDA:12,3,0,1
BRDA:12,4,0,1
BRDA:25,5,0,1
BRF:6
BRH:5
end_of_record
